0    [main] INFO  eclipse.emf.mwe.core.WorkflowEngine  - --------------------------------------------------------------------------------------
0    [main] INFO  eclipse.emf.mwe.core.WorkflowEngine  - EMF Modeling Workflow Engine 1.2.1, Build v201206110920
0    [main] INFO  eclipse.emf.mwe.core.WorkflowEngine  - (c) 2005-2009 openarchitectureware.org and contributors
0    [main] INFO  eclipse.emf.mwe.core.WorkflowEngine  - --------------------------------------------------------------------------------------
0    [main] INFO  eclipse.emf.mwe.core.WorkflowEngine  - running workflow: C:/workspace/sanur/sanur/Sanur/templates/workflow/generator.mwe
0    [main] INFO  eclipse.emf.mwe.core.WorkflowEngine  - 
767  [main] INFO  lipse.emf.mwe.utils.StandaloneSetup  - Registering platform uri 'C:\workspace\sanur\sanur'
970  [main] INFO  lipse.emf.mwe.utils.StandaloneSetup  - Adding generated EPackage 'es.ua.dlsi.ooh.conceptualView.ConceptualViewPackage'
1080 [main] INFO  lipse.emf.mwe.utils.StandaloneSetup  - Adding generated EPackage 'org.eclipse.gmf.runtime.notation.NotationPackage'
1323 [main] INFO  e.core.container.CompositeComponent  - Workflow: executing workflow workflow::nhibernate::generator.mwe in C:/workspace/sanur/sanur/Sanur/templates/workflow/generator.mwe:10
1323 [main] INFO  e.core.container.CompositeComponent  - XmiReader: file 'models/default.domainModel' => slot 'es_ua_dlsi_ooh_conceptual_model'
1698 [main] INFO  e.core.container.CompositeComponent  - CheckComponent: slot es_ua_dlsi_ooh_conceptual_model check file(s): metamodel::Checks 
2698 [main] INFO  e.core.container.CompositeComponent  - Generator(nhibernate.generator): generating 'workflow::nhibernate::workflow::main FOR true' => [CONFIGURATION:../SanurGen(overwrite=false,append=false,fileEncoding=utf-8), ../SanurGen]
configuroConf:C:\Users\SETHWA~1\AppData\Local\Temp\OOH4RIA2308175211211296499.cfg
enc:utf-8
3464 [main] INFO  and2.pr.ProtectedRegionResolverImpl  - Source scan started ...
4620 [main] INFO  and2.pr.ProtectedRegionResolverImpl  - Source scan finished in 1.156s
4620 [main] INFO  and2.pr.ProtectedRegionResolverImpl  - Files scanned: 125
4636 [main] INFO  and2.pr.ProtectedRegionResolverImpl  - Regions found: 4
enc:utf-8
enc:utf-8
enc:utf-8
enc:utf-8
enc:utf-8
enc:utf-8
enc:utf-8
enc:utf-8
enc:utf-8
enc:utf-8
enc:utf-8
enc:utf-8
enc:utf-8
enc:utf-8
enc:utf-8
enc:utf-8
enc:utf-8
enc:utf-8
enc:utf-8
enc:utf-8
enc:utf-8
enc:utf-8
enc:utf-8
enc:utf-8
enc:utf-8
enc:utf-8
enc:utf-8
enc:utf-8
enc:utf-8
enc:utf-8
enc:utf-8
enc:utf-8
enc:utf-8
enc:utf-8
enc:utf-8
enc:utf-8
enc:utf-8
enc:utf-8
enc:utf-8
enc:utf-8
enc:utf-8
enc:utf-8
enc:utf-8
enc:utf-8
enc:utf-8
enc:utf-8
enc:utf-8
enc:utf-8
enc:utf-8
enc:utf-8
enc:utf-8
enc:utf-8
enc:utf-8
9070 [main] INFO         org.eclipse.xpand2.Generator  - Written 5 files to outlet [default](../SanurGen)
9070 [main] INFO         org.eclipse.xpand2.Generator  - Skipped writing of 69 files to outlet [default](../SanurGen)
9070 [main] INFO  e.core.container.CompositeComponent  - es.ua.dlsi.ooh.persistence.nhibernate.generator.workflowComponents.CreateSolution
9086 [main] INFO  e.core.container.CompositeComponent  - es.ua.dlsi.ooh.persistence.nhibernate.generator.workflowComponents.UpdateSolution
9117 [main] INFO  e.core.container.CompositeComponent  - es.ua.dlsi.ooh.persistence.nhibernate.generator.workflowComponents.CopyDLLs
../SanurGen\SanurGenNHibernate\AppLib\Antlr3.Runtime.dll
../SanurGen\SanurGenNHibernate\AppLib\Castle.DynamicProxy2.dll
../SanurGen\SanurGenNHibernate\AppLib\Iesi.Collections.dll
../SanurGen\SanurGenNHibernate\AppLib\LinFu.DynamicProxy.dll
../SanurGen\SanurGenNHibernate\AppLib\log4net.dll
../SanurGen\SanurGenNHibernate\AppLib\NHibernate.ByteCode.Castle.dll
../SanurGen\SanurGenNHibernate\AppLib\NHibernate.ByteCode.LinFu.dll
../SanurGen\SanurGenNHibernate\AppLib\NHibernate.dll
../SanurGen\SanurGenNHibernate\AppLib\nunit.core.dll
../SanurGen\SanurGenNHibernate\AppLib\nunit.framework.dll
9133 [main] INFO  eclipse.emf.mwe.core.WorkflowEngine  - workflow completed in 7810ms!
0    [main] INFO  eclipse.emf.mwe.core.WorkflowEngine  - --------------------------------------------------------------------------------------
12   [main] INFO  eclipse.emf.mwe.core.WorkflowEngine  - EMF Modeling Workflow Engine 1.2.1, Build v201206110920
12   [main] INFO  eclipse.emf.mwe.core.WorkflowEngine  - (c) 2005-2009 openarchitectureware.org and contributors
13   [main] INFO  eclipse.emf.mwe.core.WorkflowEngine  - --------------------------------------------------------------------------------------
13   [main] INFO  eclipse.emf.mwe.core.WorkflowEngine  - running workflow: C:/Users/Gacel/sanur/sanur/Sanur/templates/workflow/generator.mwe
13   [main] INFO  eclipse.emf.mwe.core.WorkflowEngine  - 
447  [main] INFO  lipse.emf.mwe.utils.StandaloneSetup  - Registering platform uri 'C:\Users\Gacel\sanur\sanur'
542  [main] INFO  lipse.emf.mwe.utils.StandaloneSetup  - Adding generated EPackage 'es.ua.dlsi.ooh.conceptualView.ConceptualViewPackage'
613  [main] INFO  lipse.emf.mwe.utils.StandaloneSetup  - Adding generated EPackage 'org.eclipse.gmf.runtime.notation.NotationPackage'
754  [main] INFO  e.core.container.CompositeComponent  - Workflow: executing workflow workflow::nhibernate::generator.mwe in C:/Users/Gacel/sanur/sanur/Sanur/templates/workflow/generator.mwe:10
754  [main] INFO  e.core.container.CompositeComponent  - XmiReader: file 'models/default.domainModel' => slot 'es_ua_dlsi_ooh_conceptual_model'
984  [main] INFO  e.core.container.CompositeComponent  - CheckComponent: slot es_ua_dlsi_ooh_conceptual_model check file(s): metamodel::Checks 
1593 [main] INFO  e.core.container.CompositeComponent  - Generator(nhibernate.generator): generating 'workflow::nhibernate::workflow::main FOR true' => [CONFIGURATION:../SanurGen(overwrite=false,append=false,fileEncoding=utf-8), ../SanurGen]
configuroConf:C:\Users\Gacel\AppData\Local\Temp\OOH4RIA5848869288229893136.cfg
enc:utf-8
4369 [main] INFO  and2.pr.ProtectedRegionResolverImpl  - Source scan started ...
4697 [main] INFO  and2.pr.ProtectedRegionResolverImpl  - Source scan finished in 0.328s
4697 [main] INFO  and2.pr.ProtectedRegionResolverImpl  - Files scanned: 137
4697 [main] INFO  and2.pr.ProtectedRegionResolverImpl  - Regions found: 4
enc:utf-8
enc:utf-8
enc:utf-8
enc:utf-8
enc:utf-8
enc:utf-8
enc:utf-8
enc:utf-8
enc:utf-8
enc:utf-8
enc:utf-8
enc:utf-8
enc:utf-8
enc:utf-8
enc:utf-8
enc:utf-8
enc:utf-8
enc:utf-8
enc:utf-8
enc:utf-8
enc:utf-8
enc:utf-8
enc:utf-8
enc:utf-8
enc:utf-8
enc:utf-8
enc:utf-8
enc:utf-8
enc:utf-8
enc:utf-8
enc:utf-8
enc:utf-8
enc:utf-8
enc:utf-8
enc:utf-8
enc:utf-8
enc:utf-8
enc:utf-8
enc:utf-8
enc:utf-8
enc:utf-8
enc:utf-8
enc:utf-8
enc:utf-8
enc:utf-8
enc:utf-8
enc:utf-8
enc:utf-8
enc:utf-8
enc:utf-8
enc:utf-8
enc:utf-8
enc:utf-8
8680 [main] INFO         org.eclipse.xpand2.Generator  - Written 23 files to outlet [default](../SanurGen)
8680 [main] INFO         org.eclipse.xpand2.Generator  - Skipped writing of 51 files to outlet [default](../SanurGen)
8680 [main] INFO  e.core.container.CompositeComponent  - es.ua.dlsi.ooh.persistence.nhibernate.generator.workflowComponents.CreateSolution
8694 [main] INFO  e.core.container.CompositeComponent  - es.ua.dlsi.ooh.persistence.nhibernate.generator.workflowComponents.UpdateSolution
8714 [main] INFO  e.core.container.CompositeComponent  - es.ua.dlsi.ooh.persistence.nhibernate.generator.workflowComponents.CopyDLLs
../SanurGen\SanurGenNHibernate\AppLib\Antlr3.Runtime.dll
../SanurGen\SanurGenNHibernate\AppLib\Castle.DynamicProxy2.dll
../SanurGen\SanurGenNHibernate\AppLib\Iesi.Collections.dll
../SanurGen\SanurGenNHibernate\AppLib\LinFu.DynamicProxy.dll
../SanurGen\SanurGenNHibernate\AppLib\log4net.dll
../SanurGen\SanurGenNHibernate\AppLib\NHibernate.ByteCode.Castle.dll
../SanurGen\SanurGenNHibernate\AppLib\NHibernate.ByteCode.LinFu.dll
../SanurGen\SanurGenNHibernate\AppLib\NHibernate.dll
../SanurGen\SanurGenNHibernate\AppLib\nunit.core.dll
../SanurGen\SanurGenNHibernate\AppLib\nunit.framework.dll
8720 [main] INFO  eclipse.emf.mwe.core.WorkflowEngine  - workflow completed in 7978ms!
0    [main] INFO  eclipse.emf.mwe.core.WorkflowEngine  - --------------------------------------------------------------------------------------
3    [main] INFO  eclipse.emf.mwe.core.WorkflowEngine  - EMF Modeling Workflow Engine 1.2.1, Build v201206110920
3    [main] INFO  eclipse.emf.mwe.core.WorkflowEngine  - (c) 2005-2009 openarchitectureware.org and contributors
3    [main] INFO  eclipse.emf.mwe.core.WorkflowEngine  - --------------------------------------------------------------------------------------
3    [main] INFO  eclipse.emf.mwe.core.WorkflowEngine  - running workflow: C:/Users/Gacel/sanur/sanur/Sanur/templates/workflow/generator.mwe
3    [main] INFO  eclipse.emf.mwe.core.WorkflowEngine  - 
459  [main] INFO  lipse.emf.mwe.utils.StandaloneSetup  - Registering platform uri 'C:\Users\Gacel\sanur\sanur'
617  [main] INFO  lipse.emf.mwe.utils.StandaloneSetup  - Adding generated EPackage 'es.ua.dlsi.ooh.conceptualView.ConceptualViewPackage'
691  [main] INFO  lipse.emf.mwe.utils.StandaloneSetup  - Adding generated EPackage 'org.eclipse.gmf.runtime.notation.NotationPackage'
834  [main] INFO  e.core.container.CompositeComponent  - Workflow: executing workflow workflow::nhibernate::generator.mwe in C:/Users/Gacel/sanur/sanur/Sanur/templates/workflow/generator.mwe:10
834  [main] INFO  e.core.container.CompositeComponent  - XmiReader: file 'models/default.domainModel' => slot 'es_ua_dlsi_ooh_conceptual_model'
1076 [main] INFO  e.core.container.CompositeComponent  - CheckComponent: slot es_ua_dlsi_ooh_conceptual_model check file(s): metamodel::Checks 
1546 [main] INFO  e.core.container.CompositeComponent  - Generator(nhibernate.generator): generating 'workflow::nhibernate::workflow::main FOR true' => [CONFIGURATION:../SanurGen(overwrite=false,append=false,fileEncoding=utf-8), ../SanurGen]
configuroConf:C:\Users\Gacel\AppData\Local\Temp\OOH4RIA4833269488550283873.cfg
enc:utf-8
3145 [main] INFO  and2.pr.ProtectedRegionResolverImpl  - Source scan started ...
3938 [main] INFO  and2.pr.ProtectedRegionResolverImpl  - Source scan finished in 0.793s
3939 [main] INFO  and2.pr.ProtectedRegionResolverImpl  - Files scanned: 144
3939 [main] INFO  and2.pr.ProtectedRegionResolverImpl  - Regions found: 4
enc:utf-8
enc:utf-8
enc:utf-8
enc:utf-8
enc:utf-8
enc:utf-8
enc:utf-8
enc:utf-8
enc:utf-8
enc:utf-8
enc:utf-8
enc:utf-8
enc:utf-8
enc:utf-8
enc:utf-8
enc:utf-8
enc:utf-8
enc:utf-8
enc:utf-8
enc:utf-8
enc:utf-8
enc:utf-8
enc:utf-8
enc:utf-8
enc:utf-8
enc:utf-8
enc:utf-8
enc:utf-8
enc:utf-8
enc:utf-8
enc:utf-8
enc:utf-8
enc:utf-8
enc:utf-8
enc:utf-8
enc:utf-8
enc:utf-8
enc:utf-8
enc:utf-8
enc:utf-8
enc:utf-8
enc:utf-8
enc:utf-8
enc:utf-8
enc:utf-8
enc:utf-8
enc:utf-8
enc:utf-8
enc:utf-8
enc:utf-8
enc:utf-8
enc:utf-8
enc:utf-8
7738 [main] INFO         org.eclipse.xpand2.Generator  - Written 11 files to outlet [default](../SanurGen)
7738 [main] INFO         org.eclipse.xpand2.Generator  - Skipped writing of 63 files to outlet [default](../SanurGen)
7739 [main] INFO  e.core.container.CompositeComponent  - es.ua.dlsi.ooh.persistence.nhibernate.generator.workflowComponents.CreateSolution
7751 [main] INFO  e.core.container.CompositeComponent  - es.ua.dlsi.ooh.persistence.nhibernate.generator.workflowComponents.UpdateSolution
7767 [main] INFO  e.core.container.CompositeComponent  - es.ua.dlsi.ooh.persistence.nhibernate.generator.workflowComponents.CopyDLLs
../SanurGen\SanurGenNHibernate\AppLib\Antlr3.Runtime.dll
../SanurGen\SanurGenNHibernate\AppLib\Castle.DynamicProxy2.dll
../SanurGen\SanurGenNHibernate\AppLib\Iesi.Collections.dll
../SanurGen\SanurGenNHibernate\AppLib\LinFu.DynamicProxy.dll
../SanurGen\SanurGenNHibernate\AppLib\log4net.dll
../SanurGen\SanurGenNHibernate\AppLib\NHibernate.ByteCode.Castle.dll
../SanurGen\SanurGenNHibernate\AppLib\NHibernate.ByteCode.LinFu.dll
../SanurGen\SanurGenNHibernate\AppLib\NHibernate.dll
../SanurGen\SanurGenNHibernate\AppLib\nunit.core.dll
../SanurGen\SanurGenNHibernate\AppLib\nunit.framework.dll
7773 [main] INFO  eclipse.emf.mwe.core.WorkflowEngine  - workflow completed in 6940ms!
0    [main] INFO  eclipse.emf.mwe.core.WorkflowEngine  - --------------------------------------------------------------------------------------
2    [main] INFO  eclipse.emf.mwe.core.WorkflowEngine  - EMF Modeling Workflow Engine 1.2.1, Build v201206110920
2    [main] INFO  eclipse.emf.mwe.core.WorkflowEngine  - (c) 2005-2009 openarchitectureware.org and contributors
2    [main] INFO  eclipse.emf.mwe.core.WorkflowEngine  - --------------------------------------------------------------------------------------
2    [main] INFO  eclipse.emf.mwe.core.WorkflowEngine  - running workflow: C:/Users/Gacel/sanur/sanur/Sanur/templates/workflow/generator.mwe
2    [main] INFO  eclipse.emf.mwe.core.WorkflowEngine  - 
417  [main] INFO  lipse.emf.mwe.utils.StandaloneSetup  - Registering platform uri 'C:\Users\Gacel\sanur\sanur'
521  [main] INFO  lipse.emf.mwe.utils.StandaloneSetup  - Adding generated EPackage 'es.ua.dlsi.ooh.conceptualView.ConceptualViewPackage'
592  [main] INFO  lipse.emf.mwe.utils.StandaloneSetup  - Adding generated EPackage 'org.eclipse.gmf.runtime.notation.NotationPackage'
729  [main] INFO  e.core.container.CompositeComponent  - Workflow: executing workflow workflow::nhibernate::generator.mwe in C:/Users/Gacel/sanur/sanur/Sanur/templates/workflow/generator.mwe:10
730  [main] INFO  e.core.container.CompositeComponent  - XmiReader: file 'models/default.domainModel' => slot 'es_ua_dlsi_ooh_conceptual_model'
983  [main] INFO  e.core.container.CompositeComponent  - CheckComponent: slot es_ua_dlsi_ooh_conceptual_model check file(s): metamodel::Checks 
1459 [main] INFO  e.core.container.CompositeComponent  - Generator(nhibernate.generator): generating 'workflow::nhibernate::workflow::main FOR true' => [CONFIGURATION:../SanurGen(overwrite=false,append=false,fileEncoding=utf-8), ../SanurGen]
configuroConf:C:\Users\Gacel\AppData\Local\Temp\OOH4RIA3547955199565899629.cfg
enc:utf-8
2812 [main] INFO  and2.pr.ProtectedRegionResolverImpl  - Source scan started ...
3062 [main] INFO  and2.pr.ProtectedRegionResolverImpl  - Source scan finished in 0.25s
3062 [main] INFO  and2.pr.ProtectedRegionResolverImpl  - Files scanned: 141
3062 [main] INFO  and2.pr.ProtectedRegionResolverImpl  - Regions found: 4
enc:utf-8
enc:utf-8
enc:utf-8
enc:utf-8
enc:utf-8
enc:utf-8
enc:utf-8
enc:utf-8
enc:utf-8
enc:utf-8
enc:utf-8
enc:utf-8
enc:utf-8
enc:utf-8
enc:utf-8
enc:utf-8
enc:utf-8
enc:utf-8
enc:utf-8
enc:utf-8
enc:utf-8
enc:utf-8
enc:utf-8
enc:utf-8
enc:utf-8
enc:utf-8
enc:utf-8
enc:utf-8
enc:utf-8
enc:utf-8
enc:utf-8
enc:utf-8
enc:utf-8
enc:utf-8
enc:utf-8
enc:utf-8
enc:utf-8
enc:utf-8
enc:utf-8
enc:utf-8
enc:utf-8
enc:utf-8
enc:utf-8
enc:utf-8
enc:utf-8
enc:utf-8
enc:utf-8
enc:utf-8
enc:utf-8
enc:utf-8
enc:utf-8
enc:utf-8
enc:utf-8
6824 [main] INFO         org.eclipse.xpand2.Generator  - Written 4 files to outlet [default](../SanurGen)
6824 [main] INFO         org.eclipse.xpand2.Generator  - Skipped writing of 70 files to outlet [default](../SanurGen)
6824 [main] INFO  e.core.container.CompositeComponent  - es.ua.dlsi.ooh.persistence.nhibernate.generator.workflowComponents.CreateSolution
6838 [main] INFO  e.core.container.CompositeComponent  - es.ua.dlsi.ooh.persistence.nhibernate.generator.workflowComponents.UpdateSolution
6854 [main] INFO  e.core.container.CompositeComponent  - es.ua.dlsi.ooh.persistence.nhibernate.generator.workflowComponents.CopyDLLs
../SanurGen\SanurGenNHibernate\AppLib\Antlr3.Runtime.dll
../SanurGen\SanurGenNHibernate\AppLib\Castle.DynamicProxy2.dll
../SanurGen\SanurGenNHibernate\AppLib\Iesi.Collections.dll
../SanurGen\SanurGenNHibernate\AppLib\LinFu.DynamicProxy.dll
../SanurGen\SanurGenNHibernate\AppLib\log4net.dll
../SanurGen\SanurGenNHibernate\AppLib\NHibernate.ByteCode.Castle.dll
../SanurGen\SanurGenNHibernate\AppLib\NHibernate.ByteCode.LinFu.dll
../SanurGen\SanurGenNHibernate\AppLib\NHibernate.dll
../SanurGen\SanurGenNHibernate\AppLib\nunit.core.dll
../SanurGen\SanurGenNHibernate\AppLib\nunit.framework.dll
6859 [main] INFO  eclipse.emf.mwe.core.WorkflowEngine  - workflow completed in 6131ms!
0    [main] INFO  eclipse.emf.mwe.core.WorkflowEngine  - --------------------------------------------------------------------------------------
2    [main] INFO  eclipse.emf.mwe.core.WorkflowEngine  - EMF Modeling Workflow Engine 1.2.1, Build v201206110920
3    [main] INFO  eclipse.emf.mwe.core.WorkflowEngine  - (c) 2005-2009 openarchitectureware.org and contributors
3    [main] INFO  eclipse.emf.mwe.core.WorkflowEngine  - --------------------------------------------------------------------------------------
3    [main] INFO  eclipse.emf.mwe.core.WorkflowEngine  - running workflow: C:/Users/Gacel/sanur/sanur/Sanur/templates/workflow/generator.mwe
3    [main] INFO  eclipse.emf.mwe.core.WorkflowEngine  - 
465  [main] INFO  lipse.emf.mwe.utils.StandaloneSetup  - Registering platform uri 'C:\Users\Gacel\sanur\sanur'
565  [main] INFO  lipse.emf.mwe.utils.StandaloneSetup  - Adding generated EPackage 'es.ua.dlsi.ooh.conceptualView.ConceptualViewPackage'
636  [main] INFO  lipse.emf.mwe.utils.StandaloneSetup  - Adding generated EPackage 'org.eclipse.gmf.runtime.notation.NotationPackage'
766  [main] INFO  e.core.container.CompositeComponent  - Workflow: executing workflow workflow::nhibernate::generator.mwe in C:/Users/Gacel/sanur/sanur/Sanur/templates/workflow/generator.mwe:10
766  [main] INFO  e.core.container.CompositeComponent  - XmiReader: file 'models/default.domainModel' => slot 'es_ua_dlsi_ooh_conceptual_model'
1002 [main] INFO  e.core.container.CompositeComponent  - CheckComponent: slot es_ua_dlsi_ooh_conceptual_model check file(s): metamodel::Checks 
1463 [main] INFO  e.core.container.CompositeComponent  - Generator(nhibernate.generator): generating 'workflow::nhibernate::workflow::main FOR true' => [CONFIGURATION:../SanurGen(overwrite=false,append=false,fileEncoding=utf-8), ../SanurGen]
configuroConf:C:\Users\Gacel\AppData\Local\Temp\OOH4RIA6055666398975504222.cfg
enc:utf-8
2647 [main] INFO  and2.pr.ProtectedRegionResolverImpl  - Source scan started ...
2883 [main] INFO  and2.pr.ProtectedRegionResolverImpl  - Source scan finished in 0.236s
2883 [main] INFO  and2.pr.ProtectedRegionResolverImpl  - Files scanned: 134
2884 [main] INFO  and2.pr.ProtectedRegionResolverImpl  - Regions found: 4
enc:utf-8
enc:utf-8
enc:utf-8
enc:utf-8
enc:utf-8
enc:utf-8
enc:utf-8
enc:utf-8
enc:utf-8
enc:utf-8
enc:utf-8
enc:utf-8
enc:utf-8
enc:utf-8
enc:utf-8
enc:utf-8
enc:utf-8
enc:utf-8
enc:utf-8
enc:utf-8
enc:utf-8
enc:utf-8
enc:utf-8
enc:utf-8
enc:utf-8
enc:utf-8
enc:utf-8
enc:utf-8
enc:utf-8
enc:utf-8
enc:utf-8
enc:utf-8
enc:utf-8
enc:utf-8
enc:utf-8
enc:utf-8
enc:utf-8
enc:utf-8
enc:utf-8
enc:utf-8
enc:utf-8
enc:utf-8
enc:utf-8
enc:utf-8
enc:utf-8
enc:utf-8
enc:utf-8
enc:utf-8
enc:utf-8
enc:utf-8
enc:utf-8
enc:utf-8
enc:utf-8
6555 [main] INFO         org.eclipse.xpand2.Generator  - Written 5 files to outlet [default](../SanurGen)
6555 [main] INFO         org.eclipse.xpand2.Generator  - Skipped writing of 69 files to outlet [default](../SanurGen)
6555 [main] INFO  e.core.container.CompositeComponent  - es.ua.dlsi.ooh.persistence.nhibernate.generator.workflowComponents.CreateSolution
6568 [main] INFO  e.core.container.CompositeComponent  - es.ua.dlsi.ooh.persistence.nhibernate.generator.workflowComponents.UpdateSolution
6584 [main] INFO  e.core.container.CompositeComponent  - es.ua.dlsi.ooh.persistence.nhibernate.generator.workflowComponents.CopyDLLs
../SanurGen\SanurGenNHibernate\AppLib\Antlr3.Runtime.dll
../SanurGen\SanurGenNHibernate\AppLib\Castle.DynamicProxy2.dll
../SanurGen\SanurGenNHibernate\AppLib\Iesi.Collections.dll
../SanurGen\SanurGenNHibernate\AppLib\LinFu.DynamicProxy.dll
../SanurGen\SanurGenNHibernate\AppLib\log4net.dll
../SanurGen\SanurGenNHibernate\AppLib\NHibernate.ByteCode.Castle.dll
../SanurGen\SanurGenNHibernate\AppLib\NHibernate.ByteCode.LinFu.dll
../SanurGen\SanurGenNHibernate\AppLib\NHibernate.dll
../SanurGen\SanurGenNHibernate\AppLib\nunit.core.dll
../SanurGen\SanurGenNHibernate\AppLib\nunit.framework.dll
6589 [main] INFO  eclipse.emf.mwe.core.WorkflowEngine  - workflow completed in 5824ms!
0    [main] INFO  eclipse.emf.mwe.core.WorkflowEngine  - --------------------------------------------------------------------------------------
0    [main] INFO  eclipse.emf.mwe.core.WorkflowEngine  - EMF Modeling Workflow Engine 1.2.1, Build v201206110920
0    [main] INFO  eclipse.emf.mwe.core.WorkflowEngine  - (c) 2005-2009 openarchitectureware.org and contributors
0    [main] INFO  eclipse.emf.mwe.core.WorkflowEngine  - --------------------------------------------------------------------------------------
0    [main] INFO  eclipse.emf.mwe.core.WorkflowEngine  - running workflow: C:/Users/Gacel/sanur/sanur/Sanur/templates/workflow/generator.mwe
0    [main] INFO  eclipse.emf.mwe.core.WorkflowEngine  - 
404  [main] INFO  lipse.emf.mwe.utils.StandaloneSetup  - Registering platform uri 'C:\Users\Gacel\sanur\sanur'
504  [main] INFO  lipse.emf.mwe.utils.StandaloneSetup  - Adding generated EPackage 'es.ua.dlsi.ooh.conceptualView.ConceptualViewPackage'
574  [main] INFO  lipse.emf.mwe.utils.StandaloneSetup  - Adding generated EPackage 'org.eclipse.gmf.runtime.notation.NotationPackage'
714  [main] INFO  e.core.container.CompositeComponent  - Workflow: executing workflow workflow::nhibernate::generator.mwe in C:/Users/Gacel/sanur/sanur/Sanur/templates/workflow/generator.mwe:10
714  [main] INFO  e.core.container.CompositeComponent  - XmiReader: file 'models/default.domainModel' => slot 'es_ua_dlsi_ooh_conceptual_model'
946  [main] INFO  e.core.container.CompositeComponent  - CheckComponent: slot es_ua_dlsi_ooh_conceptual_model check file(s): metamodel::Checks 
1422 [main] INFO  e.core.container.CompositeComponent  - Generator(nhibernate.generator): generating 'workflow::nhibernate::workflow::main FOR true' => [CONFIGURATION:../SanurGen(overwrite=false,append=false,fileEncoding=utf-8), ../SanurGen]
configuroConf:C:\Users\Gacel\AppData\Local\Temp\OOH4RIA1335487405610048784.cfg
enc:utf-8
3234 [main] INFO  and2.pr.ProtectedRegionResolverImpl  - Source scan started ...
3474 [main] INFO  and2.pr.ProtectedRegionResolverImpl  - Source scan finished in 0.24s
3474 [main] INFO  and2.pr.ProtectedRegionResolverImpl  - Files scanned: 136
3474 [main] INFO  and2.pr.ProtectedRegionResolverImpl  - Regions found: 4
enc:utf-8
enc:utf-8
enc:utf-8
enc:utf-8
enc:utf-8
enc:utf-8
enc:utf-8
enc:utf-8
enc:utf-8
enc:utf-8
enc:utf-8
enc:utf-8
enc:utf-8
enc:utf-8
enc:utf-8
enc:utf-8
enc:utf-8
enc:utf-8
enc:utf-8
enc:utf-8
enc:utf-8
enc:utf-8
enc:utf-8
enc:utf-8
enc:utf-8
enc:utf-8
enc:utf-8
enc:utf-8
enc:utf-8
enc:utf-8
enc:utf-8
enc:utf-8
enc:utf-8
enc:utf-8
enc:utf-8
enc:utf-8
enc:utf-8
enc:utf-8
enc:utf-8
enc:utf-8
enc:utf-8
enc:utf-8
enc:utf-8
enc:utf-8
enc:utf-8
enc:utf-8
enc:utf-8
enc:utf-8
enc:utf-8
enc:utf-8
enc:utf-8
enc:utf-8
enc:utf-8
7082 [main] INFO         org.eclipse.xpand2.Generator  - Written 6 files to outlet [default](../SanurGen)
7082 [main] INFO         org.eclipse.xpand2.Generator  - Skipped writing of 68 files to outlet [default](../SanurGen)
7082 [main] INFO  e.core.container.CompositeComponent  - es.ua.dlsi.ooh.persistence.nhibernate.generator.workflowComponents.CreateSolution
7092 [main] INFO  e.core.container.CompositeComponent  - es.ua.dlsi.ooh.persistence.nhibernate.generator.workflowComponents.UpdateSolution
7122 [main] INFO  e.core.container.CompositeComponent  - es.ua.dlsi.ooh.persistence.nhibernate.generator.workflowComponents.CopyDLLs
../SanurGen\SanurGenNHibernate\AppLib\Antlr3.Runtime.dll
../SanurGen\SanurGenNHibernate\AppLib\Castle.DynamicProxy2.dll
../SanurGen\SanurGenNHibernate\AppLib\Iesi.Collections.dll
../SanurGen\SanurGenNHibernate\AppLib\LinFu.DynamicProxy.dll
../SanurGen\SanurGenNHibernate\AppLib\log4net.dll
../SanurGen\SanurGenNHibernate\AppLib\NHibernate.ByteCode.Castle.dll
../SanurGen\SanurGenNHibernate\AppLib\NHibernate.ByteCode.LinFu.dll
../SanurGen\SanurGenNHibernate\AppLib\NHibernate.dll
../SanurGen\SanurGenNHibernate\AppLib\nunit.core.dll
../SanurGen\SanurGenNHibernate\AppLib\nunit.framework.dll
7122 [main] INFO  eclipse.emf.mwe.core.WorkflowEngine  - workflow completed in 6418ms!
0    [main] INFO  eclipse.emf.mwe.core.WorkflowEngine  - --------------------------------------------------------------------------------------
2    [main] INFO  eclipse.emf.mwe.core.WorkflowEngine  - EMF Modeling Workflow Engine 1.2.1, Build v201206110920
2    [main] INFO  eclipse.emf.mwe.core.WorkflowEngine  - (c) 2005-2009 openarchitectureware.org and contributors
2    [main] INFO  eclipse.emf.mwe.core.WorkflowEngine  - --------------------------------------------------------------------------------------
2    [main] INFO  eclipse.emf.mwe.core.WorkflowEngine  - running workflow: C:/Users/Gacel/sanur/sanur/Sanur/templates/workflow/generator.mwe
2    [main] INFO  eclipse.emf.mwe.core.WorkflowEngine  - 
411  [main] INFO  lipse.emf.mwe.utils.StandaloneSetup  - Registering platform uri 'C:\Users\Gacel\sanur\sanur'
508  [main] INFO  lipse.emf.mwe.utils.StandaloneSetup  - Adding generated EPackage 'es.ua.dlsi.ooh.conceptualView.ConceptualViewPackage'
579  [main] INFO  lipse.emf.mwe.utils.StandaloneSetup  - Adding generated EPackage 'org.eclipse.gmf.runtime.notation.NotationPackage'
712  [main] INFO  e.core.container.CompositeComponent  - Workflow: executing workflow workflow::nhibernate::generator.mwe in C:/Users/Gacel/sanur/sanur/Sanur/templates/workflow/generator.mwe:10
712  [main] INFO  e.core.container.CompositeComponent  - XmiReader: file 'models/default.domainModel' => slot 'es_ua_dlsi_ooh_conceptual_model'
944  [main] INFO  e.core.container.CompositeComponent  - CheckComponent: slot es_ua_dlsi_ooh_conceptual_model check file(s): metamodel::Checks 
1411 [main] INFO  e.core.container.CompositeComponent  - Generator(nhibernate.generator): generating 'workflow::nhibernate::workflow::main FOR true' => [CONFIGURATION:../SanurGen(overwrite=false,append=false,fileEncoding=utf-8), ../SanurGen]
configuroConf:C:\Users\Gacel\AppData\Local\Temp\OOH4RIA7249031997679661881.cfg
enc:utf-8
2549 [main] INFO  and2.pr.ProtectedRegionResolverImpl  - Source scan started ...
2808 [main] INFO  and2.pr.ProtectedRegionResolverImpl  - Source scan finished in 0.259s
2809 [main] INFO  and2.pr.ProtectedRegionResolverImpl  - Files scanned: 134
2809 [main] INFO  and2.pr.ProtectedRegionResolverImpl  - Regions found: 4
enc:utf-8
enc:utf-8
enc:utf-8
enc:utf-8
enc:utf-8
enc:utf-8
enc:utf-8
enc:utf-8
enc:utf-8
enc:utf-8
enc:utf-8
enc:utf-8
enc:utf-8
enc:utf-8
enc:utf-8
enc:utf-8
enc:utf-8
enc:utf-8
enc:utf-8
enc:utf-8
enc:utf-8
enc:utf-8
enc:utf-8
enc:utf-8
enc:utf-8
enc:utf-8
enc:utf-8
enc:utf-8
enc:utf-8
enc:utf-8
enc:utf-8
enc:utf-8
enc:utf-8
enc:utf-8
enc:utf-8
enc:utf-8
enc:utf-8
enc:utf-8
enc:utf-8
enc:utf-8
enc:utf-8
enc:utf-8
enc:utf-8
enc:utf-8
enc:utf-8
enc:utf-8
enc:utf-8
enc:utf-8
enc:utf-8
enc:utf-8
enc:utf-8
enc:utf-8
enc:utf-8
6426 [main] INFO         org.eclipse.xpand2.Generator  - Written 5 files to outlet [default](../SanurGen)
6426 [main] INFO         org.eclipse.xpand2.Generator  - Skipped writing of 69 files to outlet [default](../SanurGen)
6426 [main] INFO  e.core.container.CompositeComponent  - es.ua.dlsi.ooh.persistence.nhibernate.generator.workflowComponents.CreateSolution
6440 [main] INFO  e.core.container.CompositeComponent  - es.ua.dlsi.ooh.persistence.nhibernate.generator.workflowComponents.UpdateSolution
6456 [main] INFO  e.core.container.CompositeComponent  - es.ua.dlsi.ooh.persistence.nhibernate.generator.workflowComponents.CopyDLLs
../SanurGen\SanurGenNHibernate\AppLib\Antlr3.Runtime.dll
../SanurGen\SanurGenNHibernate\AppLib\Castle.DynamicProxy2.dll
../SanurGen\SanurGenNHibernate\AppLib\Iesi.Collections.dll
../SanurGen\SanurGenNHibernate\AppLib\LinFu.DynamicProxy.dll
../SanurGen\SanurGenNHibernate\AppLib\log4net.dll
../SanurGen\SanurGenNHibernate\AppLib\NHibernate.ByteCode.Castle.dll
../SanurGen\SanurGenNHibernate\AppLib\NHibernate.ByteCode.LinFu.dll
../SanurGen\SanurGenNHibernate\AppLib\NHibernate.dll
../SanurGen\SanurGenNHibernate\AppLib\nunit.core.dll
../SanurGen\SanurGenNHibernate\AppLib\nunit.framework.dll
6461 [main] INFO  eclipse.emf.mwe.core.WorkflowEngine  - workflow completed in 5750ms!
0    [main] INFO  eclipse.emf.mwe.core.WorkflowEngine  - --------------------------------------------------------------------------------------
4    [main] INFO  eclipse.emf.mwe.core.WorkflowEngine  - EMF Modeling Workflow Engine 1.2.1, Build v201206110920
4    [main] INFO  eclipse.emf.mwe.core.WorkflowEngine  - (c) 2005-2009 openarchitectureware.org and contributors
4    [main] INFO  eclipse.emf.mwe.core.WorkflowEngine  - --------------------------------------------------------------------------------------
4    [main] INFO  eclipse.emf.mwe.core.WorkflowEngine  - running workflow: C:/Users/sergio/Desktop/dss proyecto bueno/sanur/sanur/Sanur/templates/workflow/generator.mwe
4    [main] INFO  eclipse.emf.mwe.core.WorkflowEngine  - 
521  [main] INFO  lipse.emf.mwe.utils.StandaloneSetup  - Registering platform uri 'C:\Users\sergio\Desktop\dss proyecto bueno\sanur\sanur'
658  [main] INFO  lipse.emf.mwe.utils.StandaloneSetup  - Adding generated EPackage 'es.ua.dlsi.ooh.conceptualView.ConceptualViewPackage'
740  [main] INFO  lipse.emf.mwe.utils.StandaloneSetup  - Adding generated EPackage 'org.eclipse.gmf.runtime.notation.NotationPackage'
883  [main] INFO  e.core.container.CompositeComponent  - Workflow: executing workflow workflow::nhibernate::generator.mwe in C:/Users/sergio/Desktop/dss proyecto bueno/sanur/sanur/Sanur/templates/workflow/generator.mwe:10
884  [main] INFO  e.core.container.CompositeComponent  - XmiReader: file 'models/default.domainModel' => slot 'es_ua_dlsi_ooh_conceptual_model'
1131 [main] INFO  e.core.container.CompositeComponent  - CheckComponent: slot es_ua_dlsi_ooh_conceptual_model check file(s): metamodel::Checks 
1849 [main] INFO  e.core.container.CompositeComponent  - Generator(nhibernate.generator): generating 'workflow::nhibernate::workflow::main FOR true' => [CONFIGURATION:../SanurGen(overwrite=false,append=false,fileEncoding=utf-8), ../SanurGen]
configuroConf:C:\Users\sergio\AppData\Local\Temp\OOH4RIA8038513989542168836.cfg
enc:utf-8
2324 [main] INFO  and2.pr.ProtectedRegionResolverImpl  - Source scan started ...
2552 [main] INFO  and2.pr.ProtectedRegionResolverImpl  - Source scan finished in 0.228s
2552 [main] INFO  and2.pr.ProtectedRegionResolverImpl  - Files scanned: 134
2552 [main] INFO  and2.pr.ProtectedRegionResolverImpl  - Regions found: 4
enc:utf-8
enc:utf-8
enc:utf-8
enc:utf-8
enc:utf-8
enc:utf-8
enc:utf-8
enc:utf-8
enc:utf-8
enc:utf-8
enc:utf-8
enc:utf-8
enc:utf-8
enc:utf-8
enc:utf-8
enc:utf-8
enc:utf-8
enc:utf-8
enc:utf-8
enc:utf-8
enc:utf-8
enc:utf-8
enc:utf-8
enc:utf-8
enc:utf-8
enc:utf-8
enc:utf-8
enc:utf-8
enc:utf-8
enc:utf-8
enc:utf-8
enc:utf-8
enc:utf-8
enc:utf-8
enc:utf-8
enc:utf-8
enc:utf-8
enc:utf-8
enc:utf-8
enc:utf-8
enc:utf-8
enc:utf-8
enc:utf-8
enc:utf-8
enc:utf-8
enc:utf-8
enc:utf-8
enc:utf-8
enc:utf-8
enc:utf-8
enc:utf-8
enc:utf-8
enc:utf-8
5368 [main] INFO         org.eclipse.xpand2.Generator  - Written 57 files to outlet [default](../SanurGen)
5368 [main] INFO         org.eclipse.xpand2.Generator  - Skipped writing of 17 files to outlet [default](../SanurGen)
5368 [main] INFO  e.core.container.CompositeComponent  - es.ua.dlsi.ooh.persistence.nhibernate.generator.workflowComponents.CreateSolution
5380 [main] INFO  e.core.container.CompositeComponent  - es.ua.dlsi.ooh.persistence.nhibernate.generator.workflowComponents.UpdateSolution
5397 [main] INFO  e.core.container.CompositeComponent  - es.ua.dlsi.ooh.persistence.nhibernate.generator.workflowComponents.CopyDLLs
../SanurGen\SanurGenNHibernate\AppLib\Antlr3.Runtime.dll
../SanurGen\SanurGenNHibernate\AppLib\Castle.DynamicProxy2.dll
../SanurGen\SanurGenNHibernate\AppLib\Iesi.Collections.dll
../SanurGen\SanurGenNHibernate\AppLib\LinFu.DynamicProxy.dll
../SanurGen\SanurGenNHibernate\AppLib\log4net.dll
../SanurGen\SanurGenNHibernate\AppLib\NHibernate.ByteCode.Castle.dll
../SanurGen\SanurGenNHibernate\AppLib\NHibernate.ByteCode.LinFu.dll
../SanurGen\SanurGenNHibernate\AppLib\NHibernate.dll
../SanurGen\SanurGenNHibernate\AppLib\nunit.core.dll
../SanurGen\SanurGenNHibernate\AppLib\nunit.framework.dll
5409 [main] INFO  eclipse.emf.mwe.core.WorkflowEngine  - workflow completed in 4527ms!
0    [main] INFO  eclipse.emf.mwe.core.WorkflowEngine  - --------------------------------------------------------------------------------------
0    [main] INFO  eclipse.emf.mwe.core.WorkflowEngine  - EMF Modeling Workflow Engine 1.2.1, Build v201206110920
0    [main] INFO  eclipse.emf.mwe.core.WorkflowEngine  - (c) 2005-2009 openarchitectureware.org and contributors
0    [main] INFO  eclipse.emf.mwe.core.WorkflowEngine  - --------------------------------------------------------------------------------------
0    [main] INFO  eclipse.emf.mwe.core.WorkflowEngine  - running workflow: C:/Users/sergio/Desktop/dss proyecto bueno/sanur/sanur/Sanur/templates/workflow/generator.mwe
0    [main] INFO  eclipse.emf.mwe.core.WorkflowEngine  - 
375  [main] INFO  lipse.emf.mwe.utils.StandaloneSetup  - Registering platform uri 'C:\Users\sergio\Desktop\dss proyecto bueno\sanur\sanur'
500  [main] INFO  lipse.emf.mwe.utils.StandaloneSetup  - Adding generated EPackage 'es.ua.dlsi.ooh.conceptualView.ConceptualViewPackage'
561  [main] INFO  lipse.emf.mwe.utils.StandaloneSetup  - Adding generated EPackage 'org.eclipse.gmf.runtime.notation.NotationPackage'
686  [main] INFO  e.core.container.CompositeComponent  - Workflow: executing workflow workflow::nhibernate::generator.mwe in C:/Users/sergio/Desktop/dss proyecto bueno/sanur/sanur/Sanur/templates/workflow/generator.mwe:10
686  [main] INFO  e.core.container.CompositeComponent  - XmiReader: file 'models/default.domainModel' => slot 'es_ua_dlsi_ooh_conceptual_model'
889  [main] INFO  e.core.container.CompositeComponent  - CheckComponent: slot es_ua_dlsi_ooh_conceptual_model check file(s): metamodel::Checks 
1311 [main] INFO  e.core.container.CompositeComponent  - Generator(nhibernate.generator): generating 'workflow::nhibernate::workflow::main FOR true' => [CONFIGURATION:../SanurGen(overwrite=false,append=false,fileEncoding=utf-8), ../SanurGen]
configuroConf:C:\Users\sergio\AppData\Local\Temp\OOH4RIA5519025636495475541.cfg
enc:utf-8
1606 [main] INFO  and2.pr.ProtectedRegionResolverImpl  - Source scan started ...
1825 [main] INFO  and2.pr.ProtectedRegionResolverImpl  - Source scan finished in 0.219s
1825 [main] INFO  and2.pr.ProtectedRegionResolverImpl  - Files scanned: 145
1825 [main] INFO  and2.pr.ProtectedRegionResolverImpl  - Regions found: 4
enc:utf-8
enc:utf-8
enc:utf-8
enc:utf-8
enc:utf-8
enc:utf-8
enc:utf-8
enc:utf-8
enc:utf-8
enc:utf-8
enc:utf-8
enc:utf-8
enc:utf-8
enc:utf-8
enc:utf-8
enc:utf-8
enc:utf-8
enc:utf-8
enc:utf-8
enc:utf-8
enc:utf-8
enc:utf-8
enc:utf-8
enc:utf-8
enc:utf-8
enc:utf-8
enc:utf-8
enc:utf-8
enc:utf-8
enc:utf-8
enc:utf-8
enc:utf-8
enc:utf-8
enc:utf-8
enc:utf-8
enc:utf-8
enc:utf-8
enc:utf-8
enc:utf-8
enc:utf-8
enc:utf-8
enc:utf-8
enc:utf-8
enc:utf-8
enc:utf-8
enc:utf-8
enc:utf-8
enc:utf-8
enc:utf-8
enc:utf-8
enc:utf-8
enc:utf-8
enc:utf-8
4794 [main] INFO         org.eclipse.xpand2.Generator  - Written 5 files to outlet [default](../SanurGen)
4794 [main] INFO         org.eclipse.xpand2.Generator  - Skipped writing of 69 files to outlet [default](../SanurGen)
4794 [main] INFO  e.core.container.CompositeComponent  - es.ua.dlsi.ooh.persistence.nhibernate.generator.workflowComponents.CreateSolution
4810 [main] INFO  e.core.container.CompositeComponent  - es.ua.dlsi.ooh.persistence.nhibernate.generator.workflowComponents.UpdateSolution
4825 [main] INFO  e.core.container.CompositeComponent  - es.ua.dlsi.ooh.persistence.nhibernate.generator.workflowComponents.CopyDLLs
../SanurGen\SanurGenNHibernate\AppLib\Antlr3.Runtime.dll
../SanurGen\SanurGenNHibernate\AppLib\Castle.DynamicProxy2.dll
../SanurGen\SanurGenNHibernate\AppLib\Iesi.Collections.dll
../SanurGen\SanurGenNHibernate\AppLib\LinFu.DynamicProxy.dll
../SanurGen\SanurGenNHibernate\AppLib\log4net.dll
../SanurGen\SanurGenNHibernate\AppLib\NHibernate.ByteCode.Castle.dll
../SanurGen\SanurGenNHibernate\AppLib\NHibernate.ByteCode.LinFu.dll
../SanurGen\SanurGenNHibernate\AppLib\NHibernate.dll
../SanurGen\SanurGenNHibernate\AppLib\nunit.core.dll
../SanurGen\SanurGenNHibernate\AppLib\nunit.framework.dll
4825 [main] INFO  eclipse.emf.mwe.core.WorkflowEngine  - workflow completed in 4139ms!
0    [main] INFO  eclipse.emf.mwe.core.WorkflowEngine  - --------------------------------------------------------------------------------------
0    [main] INFO  eclipse.emf.mwe.core.WorkflowEngine  - EMF Modeling Workflow Engine 1.2.1, Build v201206110920
0    [main] INFO  eclipse.emf.mwe.core.WorkflowEngine  - (c) 2005-2009 openarchitectureware.org and contributors
0    [main] INFO  eclipse.emf.mwe.core.WorkflowEngine  - --------------------------------------------------------------------------------------
0    [main] INFO  eclipse.emf.mwe.core.WorkflowEngine  - running workflow: C:/Users/Andrea/sanur/sanur/sanur/Sanur/templates/workflow/generator.mwe
16   [main] INFO  eclipse.emf.mwe.core.WorkflowEngine  - 
609  [main] INFO  lipse.emf.mwe.utils.StandaloneSetup  - Registering platform uri 'C:\Users\Andrea\sanur\sanur\sanur'
812  [main] INFO  lipse.emf.mwe.utils.StandaloneSetup  - Adding generated EPackage 'es.ua.dlsi.ooh.conceptualView.ConceptualViewPackage'
906  [main] INFO  lipse.emf.mwe.utils.StandaloneSetup  - Adding generated EPackage 'org.eclipse.gmf.runtime.notation.NotationPackage'
1046 [main] INFO  e.core.container.CompositeComponent  - Workflow: executing workflow workflow::nhibernate::generator.mwe in C:/Users/Andrea/sanur/sanur/sanur/Sanur/templates/workflow/generator.mwe:10
1046 [main] INFO  e.core.container.CompositeComponent  - XmiReader: file 'models/default.domainModel' => slot 'es_ua_dlsi_ooh_conceptual_model'
1312 [main] INFO  e.core.container.CompositeComponent  - CheckComponent: slot es_ua_dlsi_ooh_conceptual_model check file(s): metamodel::Checks 
1843 [main] INFO  e.core.container.CompositeComponent  - Generator(nhibernate.generator): generating 'workflow::nhibernate::workflow::main FOR true' => [CONFIGURATION:../SanurGen(overwrite=false,append=false,fileEncoding=utf-8), ../SanurGen]
configuroConf:C:\Users\Andrea\AppData\Local\Temp\OOH4RIA1062547403160771249.cfg
enc:utf-8
2795 [main] INFO  and2.pr.ProtectedRegionResolverImpl  - Source scan started ...
4043 [main] INFO  and2.pr.ProtectedRegionResolverImpl  - Source scan finished in 1.248s
4043 [main] INFO  and2.pr.ProtectedRegionResolverImpl  - Files scanned: 192
4043 [main] INFO  and2.pr.ProtectedRegionResolverImpl  - Regions found: 4
enc:utf-8
enc:utf-8
enc:utf-8
enc:utf-8
enc:utf-8
enc:utf-8
enc:utf-8
enc:utf-8
enc:utf-8
enc:utf-8
enc:utf-8
enc:utf-8
enc:utf-8
enc:utf-8
enc:utf-8
enc:utf-8
enc:utf-8
enc:utf-8
enc:utf-8
enc:utf-8
enc:utf-8
enc:utf-8
enc:utf-8
enc:utf-8
enc:utf-8
enc:utf-8
enc:utf-8
enc:utf-8
enc:utf-8
enc:utf-8
enc:utf-8
enc:utf-8
enc:utf-8
enc:utf-8
enc:utf-8
enc:utf-8
enc:utf-8
enc:utf-8
enc:utf-8
enc:utf-8
enc:utf-8
enc:utf-8
enc:utf-8
enc:utf-8
enc:utf-8
enc:utf-8
enc:utf-8
enc:utf-8
enc:utf-8
enc:utf-8
enc:utf-8
enc:utf-8
enc:utf-8
10487 [main] INFO         org.eclipse.xpand2.Generator  - Written 59 files to outlet [default](../SanurGen)
10487 [main] INFO         org.eclipse.xpand2.Generator  - Skipped writing of 15 files to outlet [default](../SanurGen)
10487 [main] INFO  e.core.container.CompositeComponent  - es.ua.dlsi.ooh.persistence.nhibernate.generator.workflowComponents.CreateSolution
10502 [main] INFO  e.core.container.CompositeComponent  - es.ua.dlsi.ooh.persistence.nhibernate.generator.workflowComponents.UpdateSolution
10519 [main] INFO  e.core.container.CompositeComponent  - es.ua.dlsi.ooh.persistence.nhibernate.generator.workflowComponents.CopyDLLs
../SanurGen\SanurGenNHibernate\AppLib\Antlr3.Runtime.dll
../SanurGen\SanurGenNHibernate\AppLib\Castle.DynamicProxy2.dll
../SanurGen\SanurGenNHibernate\AppLib\Iesi.Collections.dll
../SanurGen\SanurGenNHibernate\AppLib\LinFu.DynamicProxy.dll
../SanurGen\SanurGenNHibernate\AppLib\log4net.dll
../SanurGen\SanurGenNHibernate\AppLib\NHibernate.ByteCode.Castle.dll
../SanurGen\SanurGenNHibernate\AppLib\NHibernate.ByteCode.LinFu.dll
../SanurGen\SanurGenNHibernate\AppLib\NHibernate.dll
../SanurGen\SanurGenNHibernate\AppLib\nunit.core.dll
../SanurGen\SanurGenNHibernate\AppLib\nunit.framework.dll
10519 [main] INFO  eclipse.emf.mwe.core.WorkflowEngine  - workflow completed in 9473ms!
0    [main] INFO  eclipse.emf.mwe.core.WorkflowEngine  - --------------------------------------------------------------------------------------
3    [main] INFO  eclipse.emf.mwe.core.WorkflowEngine  - EMF Modeling Workflow Engine 1.2.1, Build v201206110920
3    [main] INFO  eclipse.emf.mwe.core.WorkflowEngine  - (c) 2005-2009 openarchitectureware.org and contributors
3    [main] INFO  eclipse.emf.mwe.core.WorkflowEngine  - --------------------------------------------------------------------------------------
3    [main] INFO  eclipse.emf.mwe.core.WorkflowEngine  - running workflow: C:/Users/Andrea/sanur/sanur/sanur/Sanur/templates/workflow/generator.mwe
3    [main] INFO  eclipse.emf.mwe.core.WorkflowEngine  - 
494  [main] INFO  lipse.emf.mwe.utils.StandaloneSetup  - Registering platform uri 'C:\Users\Andrea\sanur\sanur\sanur'
670  [main] INFO  lipse.emf.mwe.utils.StandaloneSetup  - Adding generated EPackage 'es.ua.dlsi.ooh.conceptualView.ConceptualViewPackage'
754  [main] INFO  lipse.emf.mwe.utils.StandaloneSetup  - Adding generated EPackage 'org.eclipse.gmf.runtime.notation.NotationPackage'
900  [main] INFO  e.core.container.CompositeComponent  - Workflow: executing workflow workflow::nhibernate::generator.mwe in C:/Users/Andrea/sanur/sanur/sanur/Sanur/templates/workflow/generator.mwe:10
901  [main] INFO  e.core.container.CompositeComponent  - XmiReader: file 'models/default.domainModel' => slot 'es_ua_dlsi_ooh_conceptual_model'
1164 [main] INFO  e.core.container.CompositeComponent  - CheckComponent: slot es_ua_dlsi_ooh_conceptual_model check file(s): metamodel::Checks 
1696 [main] INFO  e.core.container.CompositeComponent  - Generator(nhibernate.generator): generating 'workflow::nhibernate::workflow::main FOR true' => [CONFIGURATION:../SanurGen(overwrite=false,append=false,fileEncoding=utf-8), ../SanurGen]
configuroConf:C:\Users\Andrea\AppData\Local\Temp\OOH4RIA2108598690508078163.cfg
enc:utf-8
2380 [main] INFO  and2.pr.ProtectedRegionResolverImpl  - Source scan started ...
3137 [main] INFO  and2.pr.ProtectedRegionResolverImpl  - Source scan finished in 0.757s
3137 [main] INFO  and2.pr.ProtectedRegionResolverImpl  - Files scanned: 192
3137 [main] INFO  and2.pr.ProtectedRegionResolverImpl  - Regions found: 4
enc:utf-8
enc:utf-8
enc:utf-8
enc:utf-8
enc:utf-8
enc:utf-8
enc:utf-8
enc:utf-8
enc:utf-8
enc:utf-8
enc:utf-8
enc:utf-8
enc:utf-8
enc:utf-8
enc:utf-8
enc:utf-8
enc:utf-8
enc:utf-8
enc:utf-8
enc:utf-8
enc:utf-8
enc:utf-8
enc:utf-8
enc:utf-8
enc:utf-8
enc:utf-8
enc:utf-8
enc:utf-8
enc:utf-8
enc:utf-8
enc:utf-8
enc:utf-8
enc:utf-8
enc:utf-8
enc:utf-8
enc:utf-8
enc:utf-8
enc:utf-8
enc:utf-8
enc:utf-8
enc:utf-8
enc:utf-8
enc:utf-8
enc:utf-8
enc:utf-8
enc:utf-8
enc:utf-8
enc:utf-8
enc:utf-8
enc:utf-8
enc:utf-8
enc:utf-8
enc:utf-8
9396 [main] INFO         org.eclipse.xpand2.Generator  - Written 8 files to outlet [default](../SanurGen)
9396 [main] INFO         org.eclipse.xpand2.Generator  - Skipped writing of 66 files to outlet [default](../SanurGen)
9396 [main] INFO  e.core.container.CompositeComponent  - es.ua.dlsi.ooh.persistence.nhibernate.generator.workflowComponents.CreateSolution
9410 [main] INFO  e.core.container.CompositeComponent  - es.ua.dlsi.ooh.persistence.nhibernate.generator.workflowComponents.UpdateSolution
9426 [main] INFO  e.core.container.CompositeComponent  - es.ua.dlsi.ooh.persistence.nhibernate.generator.workflowComponents.CopyDLLs
../SanurGen\SanurGenNHibernate\AppLib\Antlr3.Runtime.dll
../SanurGen\SanurGenNHibernate\AppLib\Castle.DynamicProxy2.dll
../SanurGen\SanurGenNHibernate\AppLib\Iesi.Collections.dll
../SanurGen\SanurGenNHibernate\AppLib\LinFu.DynamicProxy.dll
../SanurGen\SanurGenNHibernate\AppLib\log4net.dll
../SanurGen\SanurGenNHibernate\AppLib\NHibernate.ByteCode.Castle.dll
../SanurGen\SanurGenNHibernate\AppLib\NHibernate.ByteCode.LinFu.dll
../SanurGen\SanurGenNHibernate\AppLib\NHibernate.dll
../SanurGen\SanurGenNHibernate\AppLib\nunit.core.dll
../SanurGen\SanurGenNHibernate\AppLib\nunit.framework.dll
9434 [main] INFO  eclipse.emf.mwe.core.WorkflowEngine  - workflow completed in 8535ms!
0    [main] INFO  eclipse.emf.mwe.core.WorkflowEngine  - --------------------------------------------------------------------------------------
0    [main] INFO  eclipse.emf.mwe.core.WorkflowEngine  - EMF Modeling Workflow Engine 1.2.1, Build v201206110920
0    [main] INFO  eclipse.emf.mwe.core.WorkflowEngine  - (c) 2005-2009 openarchitectureware.org and contributors
0    [main] INFO  eclipse.emf.mwe.core.WorkflowEngine  - --------------------------------------------------------------------------------------
0    [main] INFO  eclipse.emf.mwe.core.WorkflowEngine  - running workflow: C:/Users/sergio/Desktop/proyecto dss/sanur/sanur/Sanur/templates/workflow/generator.mwe
0    [main] INFO  eclipse.emf.mwe.core.WorkflowEngine  - 
516  [main] INFO  lipse.emf.mwe.utils.StandaloneSetup  - Registering platform uri 'C:\Users\sergio\Desktop\proyecto dss\sanur\sanur'
701  [main] INFO  lipse.emf.mwe.utils.StandaloneSetup  - Adding generated EPackage 'es.ua.dlsi.ooh.conceptualView.ConceptualViewPackage'
763  [main] INFO  lipse.emf.mwe.utils.StandaloneSetup  - Adding generated EPackage 'org.eclipse.gmf.runtime.notation.NotationPackage'
888  [main] INFO  e.core.container.CompositeComponent  - Workflow: executing workflow workflow::nhibernate::generator.mwe in C:/Users/sergio/Desktop/proyecto dss/sanur/sanur/Sanur/templates/workflow/generator.mwe:10
888  [main] INFO  e.core.container.CompositeComponent  - XmiReader: file 'models/default.domainModel' => slot 'es_ua_dlsi_ooh_conceptual_model'
1123 [main] INFO  e.core.container.CompositeComponent  - CheckComponent: slot es_ua_dlsi_ooh_conceptual_model check file(s): metamodel::Checks 
1545 [main] INFO  e.core.container.CompositeComponent  - Generator(nhibernate.generator): generating 'workflow::nhibernate::workflow::main FOR true' => [CONFIGURATION:../SanurGen(overwrite=false,append=false,fileEncoding=utf-8), ../SanurGen]
configuroConf:C:\Users\sergio\AppData\Local\Temp\OOH4RIA3348103694008227654.cfg
enc:utf-8
1866 [main] INFO  and2.pr.ProtectedRegionResolverImpl  - Source scan started ...
2257 [main] INFO  and2.pr.ProtectedRegionResolverImpl  - Source scan finished in 0.391s
2257 [main] INFO  and2.pr.ProtectedRegionResolverImpl  - Files scanned: 191
2257 [main] INFO  and2.pr.ProtectedRegionResolverImpl  - Regions found: 4
enc:utf-8
enc:utf-8
enc:utf-8
enc:utf-8
enc:utf-8
enc:utf-8
enc:utf-8
enc:utf-8
enc:utf-8
enc:utf-8
enc:utf-8
enc:utf-8
enc:utf-8
enc:utf-8
enc:utf-8
enc:utf-8
enc:utf-8
enc:utf-8
enc:utf-8
enc:utf-8
enc:utf-8
enc:utf-8
enc:utf-8
enc:utf-8
enc:utf-8
enc:utf-8
enc:utf-8
enc:utf-8
enc:utf-8
enc:utf-8
enc:utf-8
enc:utf-8
enc:utf-8
enc:utf-8
enc:utf-8
enc:utf-8
enc:utf-8
enc:utf-8
enc:utf-8
enc:utf-8
enc:utf-8
enc:utf-8
enc:utf-8
enc:utf-8
enc:utf-8
enc:utf-8
enc:utf-8
enc:utf-8
enc:utf-8
enc:utf-8
enc:utf-8
enc:utf-8
enc:utf-8
5251 [main] INFO         org.eclipse.xpand2.Generator  - Written 56 files to outlet [default](../SanurGen)
5251 [main] INFO         org.eclipse.xpand2.Generator  - Skipped writing of 18 files to outlet [default](../SanurGen)
5251 [main] INFO  e.core.container.CompositeComponent  - es.ua.dlsi.ooh.persistence.nhibernate.generator.workflowComponents.CreateSolution
5266 [main] INFO  e.core.container.CompositeComponent  - es.ua.dlsi.ooh.persistence.nhibernate.generator.workflowComponents.UpdateSolution
5282 [main] INFO  e.core.container.CompositeComponent  - es.ua.dlsi.ooh.persistence.nhibernate.generator.workflowComponents.CopyDLLs
../SanurGen\SanurGenNHibernate\AppLib\Antlr3.Runtime.dll
../SanurGen\SanurGenNHibernate\AppLib\Castle.DynamicProxy2.dll
../SanurGen\SanurGenNHibernate\AppLib\Iesi.Collections.dll
../SanurGen\SanurGenNHibernate\AppLib\LinFu.DynamicProxy.dll
../SanurGen\SanurGenNHibernate\AppLib\log4net.dll
../SanurGen\SanurGenNHibernate\AppLib\NHibernate.ByteCode.Castle.dll
../SanurGen\SanurGenNHibernate\AppLib\NHibernate.ByteCode.LinFu.dll
../SanurGen\SanurGenNHibernate\AppLib\NHibernate.dll
../SanurGen\SanurGenNHibernate\AppLib\nunit.core.dll
../SanurGen\SanurGenNHibernate\AppLib\nunit.framework.dll
5298 [main] INFO  eclipse.emf.mwe.core.WorkflowEngine  - workflow completed in 4410ms!
0    [main] INFO  eclipse.emf.mwe.core.WorkflowEngine  - --------------------------------------------------------------------------------------
2    [main] INFO  eclipse.emf.mwe.core.WorkflowEngine  - EMF Modeling Workflow Engine 1.2.1, Build v201206110920
3    [main] INFO  eclipse.emf.mwe.core.WorkflowEngine  - (c) 2005-2009 openarchitectureware.org and contributors
3    [main] INFO  eclipse.emf.mwe.core.WorkflowEngine  - --------------------------------------------------------------------------------------
3    [main] INFO  eclipse.emf.mwe.core.WorkflowEngine  - running workflow: C:/Users/sergio/Desktop/proyecto dss/sanur/sanur/Sanur/templates/workflow/generator.mwe
3    [main] INFO  eclipse.emf.mwe.core.WorkflowEngine  - 
395  [main] INFO  lipse.emf.mwe.utils.StandaloneSetup  - Registering platform uri 'C:\Users\sergio\Desktop\proyecto dss\sanur\sanur'
638  [main] INFO  lipse.emf.mwe.utils.StandaloneSetup  - Adding generated EPackage 'es.ua.dlsi.ooh.conceptualView.ConceptualViewPackage'
698  [main] INFO  lipse.emf.mwe.utils.StandaloneSetup  - Adding generated EPackage 'org.eclipse.gmf.runtime.notation.NotationPackage'
814  [main] INFO  e.core.container.CompositeComponent  - Workflow: executing workflow workflow::nhibernate::generator.mwe in C:/Users/sergio/Desktop/proyecto dss/sanur/sanur/Sanur/templates/workflow/generator.mwe:10
814  [main] INFO  e.core.container.CompositeComponent  - XmiReader: file 'models/default.domainModel' => slot 'es_ua_dlsi_ooh_conceptual_model'
1033 [main] INFO  e.core.container.CompositeComponent  - CheckComponent: slot es_ua_dlsi_ooh_conceptual_model check file(s): metamodel::Checks 
1450 [main] INFO  e.core.container.CompositeComponent  - Generator(nhibernate.generator): generating 'workflow::nhibernate::workflow::main FOR true' => [CONFIGURATION:../SanurGen(overwrite=false,append=false,fileEncoding=utf-8), ../SanurGen]
configuroConf:C:\Users\sergio\AppData\Local\Temp\OOH4RIA1351109601990181586.cfg
enc:utf-8
1722 [main] INFO  and2.pr.ProtectedRegionResolverImpl  - Source scan started ...
2221 [main] INFO  and2.pr.ProtectedRegionResolverImpl  - Source scan finished in 0.499s
2221 [main] INFO  and2.pr.ProtectedRegionResolverImpl  - Files scanned: 199
2221 [main] INFO  and2.pr.ProtectedRegionResolverImpl  - Regions found: 4
enc:utf-8
enc:utf-8
enc:utf-8
enc:utf-8
enc:utf-8
enc:utf-8
enc:utf-8
enc:utf-8
enc:utf-8
enc:utf-8
enc:utf-8
enc:utf-8
enc:utf-8
enc:utf-8
enc:utf-8
enc:utf-8
enc:utf-8
enc:utf-8
enc:utf-8
enc:utf-8
enc:utf-8
enc:utf-8
enc:utf-8
enc:utf-8
enc:utf-8
enc:utf-8
enc:utf-8
enc:utf-8
enc:utf-8
enc:utf-8
enc:utf-8
enc:utf-8
enc:utf-8
enc:utf-8
enc:utf-8
enc:utf-8
enc:utf-8
enc:utf-8
enc:utf-8
enc:utf-8
enc:utf-8
enc:utf-8
enc:utf-8
enc:utf-8
enc:utf-8
enc:utf-8
enc:utf-8
enc:utf-8
enc:utf-8
enc:utf-8
enc:utf-8
enc:utf-8
enc:utf-8
4735 [main] INFO         org.eclipse.xpand2.Generator  - Written 6 files to outlet [default](../SanurGen)
4735 [main] INFO         org.eclipse.xpand2.Generator  - Skipped writing of 68 files to outlet [default](../SanurGen)
4736 [main] INFO  e.core.container.CompositeComponent  - es.ua.dlsi.ooh.persistence.nhibernate.generator.workflowComponents.CreateSolution
4747 [main] INFO  e.core.container.CompositeComponent  - es.ua.dlsi.ooh.persistence.nhibernate.generator.workflowComponents.UpdateSolution
4760 [main] INFO  e.core.container.CompositeComponent  - es.ua.dlsi.ooh.persistence.nhibernate.generator.workflowComponents.CopyDLLs
../SanurGen\SanurGenNHibernate\AppLib\Antlr3.Runtime.dll
../SanurGen\SanurGenNHibernate\AppLib\Castle.DynamicProxy2.dll
../SanurGen\SanurGenNHibernate\AppLib\Iesi.Collections.dll
../SanurGen\SanurGenNHibernate\AppLib\LinFu.DynamicProxy.dll
../SanurGen\SanurGenNHibernate\AppLib\log4net.dll
../SanurGen\SanurGenNHibernate\AppLib\NHibernate.ByteCode.Castle.dll
../SanurGen\SanurGenNHibernate\AppLib\NHibernate.ByteCode.LinFu.dll
../SanurGen\SanurGenNHibernate\AppLib\NHibernate.dll
../SanurGen\SanurGenNHibernate\AppLib\nunit.core.dll
../SanurGen\SanurGenNHibernate\AppLib\nunit.framework.dll
4771 [main] INFO  eclipse.emf.mwe.core.WorkflowEngine  - workflow completed in 3958ms!
