0    [main] INFO  eclipse.emf.mwe.core.WorkflowEngine  - --------------------------------------------------------------------------------------
0    [main] INFO  eclipse.emf.mwe.core.WorkflowEngine  - EMF Modeling Workflow Engine 1.2.1, Build v201206110920
0    [main] INFO  eclipse.emf.mwe.core.WorkflowEngine  - (c) 2005-2009 openarchitectureware.org and contributors
0    [main] INFO  eclipse.emf.mwe.core.WorkflowEngine  - --------------------------------------------------------------------------------------
0    [main] INFO  eclipse.emf.mwe.core.WorkflowEngine  - running workflow: C:/workspace/sanur/sanur/Sanur/templates/workflow/generator.mwe
0    [main] INFO  eclipse.emf.mwe.core.WorkflowEngine  - 
767  [main] INFO  lipse.emf.mwe.utils.StandaloneSetup  - Registering platform uri 'C:\workspace\sanur\sanur'
970  [main] INFO  lipse.emf.mwe.utils.StandaloneSetup  - Adding generated EPackage 'es.ua.dlsi.ooh.conceptualView.ConceptualViewPackage'
1080 [main] INFO  lipse.emf.mwe.utils.StandaloneSetup  - Adding generated EPackage 'org.eclipse.gmf.runtime.notation.NotationPackage'
1323 [main] INFO  e.core.container.CompositeComponent  - Workflow: executing workflow workflow::nhibernate::generator.mwe in C:/workspace/sanur/sanur/Sanur/templates/workflow/generator.mwe:10
1323 [main] INFO  e.core.container.CompositeComponent  - XmiReader: file 'models/default.domainModel' => slot 'es_ua_dlsi_ooh_conceptual_model'
1698 [main] INFO  e.core.container.CompositeComponent  - CheckComponent: slot es_ua_dlsi_ooh_conceptual_model check file(s): metamodel::Checks 
2698 [main] INFO  e.core.container.CompositeComponent  - Generator(nhibernate.generator): generating 'workflow::nhibernate::workflow::main FOR true' => [CONFIGURATION:../SanurGen(overwrite=false,append=false,fileEncoding=utf-8), ../SanurGen]
configuroConf:C:\Users\SETHWA~1\AppData\Local\Temp\OOH4RIA2308175211211296499.cfg
enc:utf-8
3464 [main] INFO  and2.pr.ProtectedRegionResolverImpl  - Source scan started ...
4620 [main] INFO  and2.pr.ProtectedRegionResolverImpl  - Source scan finished in 1.156s
4620 [main] INFO  and2.pr.ProtectedRegionResolverImpl  - Files scanned: 125
4636 [main] INFO  and2.pr.ProtectedRegionResolverImpl  - Regions found: 4
enc:utf-8
enc:utf-8
enc:utf-8
enc:utf-8
enc:utf-8
enc:utf-8
enc:utf-8
enc:utf-8
enc:utf-8
enc:utf-8
enc:utf-8
enc:utf-8
enc:utf-8
enc:utf-8
enc:utf-8
enc:utf-8
enc:utf-8
enc:utf-8
enc:utf-8
enc:utf-8
enc:utf-8
enc:utf-8
enc:utf-8
enc:utf-8
enc:utf-8
enc:utf-8
enc:utf-8
enc:utf-8
enc:utf-8
enc:utf-8
enc:utf-8
enc:utf-8
enc:utf-8
enc:utf-8
enc:utf-8
enc:utf-8
enc:utf-8
enc:utf-8
enc:utf-8
enc:utf-8
enc:utf-8
enc:utf-8
enc:utf-8
enc:utf-8
enc:utf-8
enc:utf-8
enc:utf-8
enc:utf-8
enc:utf-8
enc:utf-8
enc:utf-8
enc:utf-8
enc:utf-8
9070 [main] INFO         org.eclipse.xpand2.Generator  - Written 5 files to outlet [default](../SanurGen)
9070 [main] INFO         org.eclipse.xpand2.Generator  - Skipped writing of 69 files to outlet [default](../SanurGen)
9070 [main] INFO  e.core.container.CompositeComponent  - es.ua.dlsi.ooh.persistence.nhibernate.generator.workflowComponents.CreateSolution
9086 [main] INFO  e.core.container.CompositeComponent  - es.ua.dlsi.ooh.persistence.nhibernate.generator.workflowComponents.UpdateSolution
9117 [main] INFO  e.core.container.CompositeComponent  - es.ua.dlsi.ooh.persistence.nhibernate.generator.workflowComponents.CopyDLLs
../SanurGen\SanurGenNHibernate\AppLib\Antlr3.Runtime.dll
../SanurGen\SanurGenNHibernate\AppLib\Castle.DynamicProxy2.dll
../SanurGen\SanurGenNHibernate\AppLib\Iesi.Collections.dll
../SanurGen\SanurGenNHibernate\AppLib\LinFu.DynamicProxy.dll
../SanurGen\SanurGenNHibernate\AppLib\log4net.dll
../SanurGen\SanurGenNHibernate\AppLib\NHibernate.ByteCode.Castle.dll
../SanurGen\SanurGenNHibernate\AppLib\NHibernate.ByteCode.LinFu.dll
../SanurGen\SanurGenNHibernate\AppLib\NHibernate.dll
../SanurGen\SanurGenNHibernate\AppLib\nunit.core.dll
../SanurGen\SanurGenNHibernate\AppLib\nunit.framework.dll
9133 [main] INFO  eclipse.emf.mwe.core.WorkflowEngine  - workflow completed in 7810ms!
